[debug] [2025-04-24T16:32:59.593Z] ----------------------------------------------------------------------
[debug] [2025-04-24T16:32:59.595Z] Command:       /Users/jayhill/.nvm/versions/node/v20.18.3/bin/node /Users/jayhill/.nvm/versions/node/v20.18.3/bin/firebase deploy --only hosting
[debug] [2025-04-24T16:32:59.595Z] CLI Version:   14.2.1
[debug] [2025-04-24T16:32:59.595Z] Platform:      darwin
[debug] [2025-04-24T16:32:59.595Z] Node Version:  v20.18.3
[debug] [2025-04-24T16:32:59.595Z] Time:          Thu Apr 24 2025 10:32:59 GMT-0600 (Mountain Daylight Time)
[debug] [2025-04-24T16:32:59.595Z] ----------------------------------------------------------------------
[debug] 
[debug] [2025-04-24T16:32:59.705Z] > command requires scopes: ["email","openid","https://www.googleapis.com/auth/cloudplatformprojects.readonly","https://www.googleapis.com/auth/firebase","https://www.googleapis.com/auth/cloud-platform"]
[debug] [2025-04-24T16:32:59.705Z] > authorizing via signed-in user (jayhill@utah.gov)
[debug] [2025-04-24T16:32:59.705Z] [iam] checking project ut-dnr-ugs-borehole-prod for permissions ["firebase.projects.get","firebasehosting.sites.update"]
[debug] [2025-04-24T16:32:59.706Z] Checked if tokens are valid: true, expires at: 1745515887843
[debug] [2025-04-24T16:32:59.706Z] Checked if tokens are valid: true, expires at: 1745515887843
[debug] [2025-04-24T16:32:59.706Z] >>> [apiv2][query] POST https://cloudresourcemanager.googleapis.com/v1/projects/ut-dnr-ugs-borehole-prod:testIamPermissions [none]
[debug] [2025-04-24T16:32:59.706Z] >>> [apiv2][(partial)header] POST https://cloudresourcemanager.googleapis.com/v1/projects/ut-dnr-ugs-borehole-prod:testIamPermissions x-goog-quota-user=projects/ut-dnr-ugs-borehole-prod
[debug] [2025-04-24T16:32:59.706Z] >>> [apiv2][body] POST https://cloudresourcemanager.googleapis.com/v1/projects/ut-dnr-ugs-borehole-prod:testIamPermissions {"permissions":["firebase.projects.get","firebasehosting.sites.update"]}
[debug] [2025-04-24T16:33:00.069Z] <<< [apiv2][status] POST https://cloudresourcemanager.googleapis.com/v1/projects/ut-dnr-ugs-borehole-prod:testIamPermissions 200
[debug] [2025-04-24T16:33:00.070Z] <<< [apiv2][body] POST https://cloudresourcemanager.googleapis.com/v1/projects/ut-dnr-ugs-borehole-prod:testIamPermissions {"permissions":["firebase.projects.get","firebasehosting.sites.update"]}
[debug] [2025-04-24T16:33:00.070Z] Checked if tokens are valid: true, expires at: 1745515887843
[debug] [2025-04-24T16:33:00.070Z] Checked if tokens are valid: true, expires at: 1745515887843
[debug] [2025-04-24T16:33:00.070Z] >>> [apiv2][query] GET https://firebase.googleapis.com/v1beta1/projects/ut-dnr-ugs-borehole-prod [none]
[debug] [2025-04-24T16:33:00.421Z] <<< [apiv2][status] GET https://firebase.googleapis.com/v1beta1/projects/ut-dnr-ugs-borehole-prod 200
[debug] [2025-04-24T16:33:00.421Z] <<< [apiv2][body] GET https://firebase.googleapis.com/v1beta1/projects/ut-dnr-ugs-borehole-prod {"projectId":"ut-dnr-ugs-borehole-prod","projectNumber":"78333091254","displayName":"ut-dnr-ugs-borehole-prod","name":"projects/ut-dnr-ugs-borehole-prod","resources":{"hostingSite":"ut-dnr-ugs-borehole-prod"},"state":"ACTIVE","etag":"1_0e07d3c1-2528-460a-b9bf-96e699847ab2"}
[info] 
[info] === Deploying to 'ut-dnr-ugs-borehole-prod'...
[info] 
[info] i  deploying hosting 
[debug] [2025-04-24T16:33:00.427Z] Checked if tokens are valid: true, expires at: 1745515887843
[debug] [2025-04-24T16:33:00.428Z] Checked if tokens are valid: true, expires at: 1745515887843
[debug] [2025-04-24T16:33:00.428Z] >>> [apiv2][query] POST https://firebasehosting.googleapis.com/v1beta1/projects/-/sites/ut-dnr-ugs-borehole-prod/versions [none]
[debug] [2025-04-24T16:33:00.428Z] >>> [apiv2][body] POST https://firebasehosting.googleapis.com/v1beta1/projects/-/sites/ut-dnr-ugs-borehole-prod/versions {"status":"CREATED","labels":{"deployment-tool":"cli-firebase"}}
[debug] [2025-04-24T16:33:01.637Z] <<< [apiv2][status] POST https://firebasehosting.googleapis.com/v1beta1/projects/-/sites/ut-dnr-ugs-borehole-prod/versions 200
